<?xml version="1.0" encoding="UTF-8"?>
<!-- Generated by org.testng.reporters.JUnitReportReporter -->
<testsuite hostname="DESKTOP-60LTLCM" failures="0" tests="1" name="igor.qa.tests.Google" time="4.308" errors="0" timestamp="2023-08-16T13:51:32 PDT" skipped="0">
  <testcase classname="igor.qa.tests.Google" name="testGoogleStocksList" time="4.308"/>
</testsuite> <!-- igor.qa.tests.Google -->
