<?xml version="1.0" encoding="UTF-8"?>
<!-- Generated by org.testng.reporters.JUnitReportReporter -->
<testsuite hostname="DESKTOP-60LTLCM" failures="0" tests="1" name="igor.qa.tests.Google" time="4.730" errors="0" timestamp="2023-08-16T12:37:12 PDT" skipped="0">
  <testcase classname="igor.qa.tests.Google" name="testGoogleSearch" time="4.730"/>
</testsuite> <!-- igor.qa.tests.Google -->
